{"/home/timothe/git_epi/tek3/area/B-DEV-500-STG-5-1-area-mathieu.brujan/front/public/assets/buefy.scss": {"path":"/home/timothe/git_epi/tek3/area/B-DEV-500-STG-5-1-area-mathieu.brujan/front/public/assets/buefy.scss","statementMap":{"0":{"start":{"line":1,"column":0},"end":{"line":1,"column":19}}},"fnMap":{},"branchMap":{},"s":{"0":1},"f":{},"b":{},"_coverageSchema":"1a1c01bbd47fc00a2c39e90264f33305004495a9","hash":"de599102868635c32f4037b746d9601a66388bc3"}
,"/home/timothe/git_epi/tek3/area/B-DEV-500-STG-5-1-area-mathieu.brujan/front/src/axiosInstance.ts": {"path":"/home/timothe/git_epi/tek3/area/B-DEV-500-STG-5-1-area-mathieu.brujan/front/src/axiosInstance.ts","statementMap":{"0":{"start":{"line":1,"column":0},"end":{"line":1,"column":26}},"1":{"start":{"line":2,"column":0},"end":{"line":2,"column":28}},"2":{"start":{"line":4,"column":23},"end":{"line":14,"column":2}},"3":{"start":{"line":16,"column":0},"end":{"line":16,"column":30}}},"fnMap":{},"branchMap":{"0":{"loc":{"start":{"line":12,"column":19},"end":{"line":12,"column":92}},"type":"binary-expr","locations":[{"start":{"line":12,"column":19},"end":{"line":12,"column":42}},{"start":{"line":12,"column":46},"end":{"line":12,"column":79}},{"start":{"line":12,"column":83},"end":{"line":12,"column":92}}]}},"s":{"0":1,"1":1,"2":1,"3":1},"f":{},"b":{"0":[1,1,1]}}
,"/home/timothe/git_epi/tek3/area/B-DEV-500-STG-5-1-area-mathieu.brujan/front/src/shims-tsx.d.ts": {"path":"/home/timothe/git_epi/tek3/area/B-DEV-500-STG-5-1-area-mathieu.brujan/front/src/shims-tsx.d.ts","statementMap":{},"fnMap":{},"branchMap":{},"s":{},"f":{},"b":{},"inputSourceMap":null}
,"/home/timothe/git_epi/tek3/area/B-DEV-500-STG-5-1-area-mathieu.brujan/front/src/shims-vue.d.ts": {"path":"/home/timothe/git_epi/tek3/area/B-DEV-500-STG-5-1-area-mathieu.brujan/front/src/shims-vue.d.ts","statementMap":{},"fnMap":{},"branchMap":{},"s":{},"f":{},"b":{},"inputSourceMap":null}
,"/home/timothe/git_epi/tek3/area/B-DEV-500-STG-5-1-area-mathieu.brujan/front/src/router/index.ts": {"path":"/home/timothe/git_epi/tek3/area/B-DEV-500-STG-5-1-area-mathieu.brujan/front/src/router/index.ts","statementMap":{"0":{"start":{"line":1,"column":0},"end":{"line":1,"column":22}},"1":{"start":{"line":2,"column":0},"end":{"line":2,"column":52}},"2":{"start":{"line":3,"column":0},"end":{"line":3,"column":39}},"3":{"start":{"line":4,"column":0},"end":{"line":4,"column":45}},"4":{"start":{"line":5,"column":0},"end":{"line":5,"column":45}},"5":{"start":{"line":6,"column":0},"end":{"line":6,"column":37}},"6":{"start":{"line":8,"column":0},"end":{"line":8,"column":36}},"7":{"start":{"line":9,"column":0},"end":{"line":9,"column":37}},"8":{"start":{"line":10,"column":0},"end":{"line":10,"column":29}},"9":{"start":{"line":12,"column":0},"end":{"line":12,"column":19}},"10":{"start":{"line":14,"column":15},"end":{"line":66,"column":2}},"11":{"start":{"line":68,"column":0},"end":{"line":88,"column":3}},"12":{"start":{"line":68,"column":39},"end":{"line":88,"column":2}},"13":{"start":{"line":69,"column":8},"end":{"line":69,"column":53}},"14":{"start":{"line":70,"column":4},"end":{"line":71,"column":null}},"15":{"start":{"line":71,"column":8},"end":{"line":71,"column":null}},"16":{"start":{"line":72,"column":8},"end":{"line":72,"column":10}},"17":{"start":{"line":73,"column":8},"end":{"line":76,"column":null}},"18":{"start":{"line":74,"column":12},"end":{"line":74,"column":33}},"19":{"start":{"line":75,"column":12},"end":{"line":75,"column":19}},"20":{"start":{"line":78,"column":12},"end":{"line":82,"column":null}},"21":{"start":{"line":84,"column":12},"end":{"line":84,"column":33}},"22":{"start":{"line":87,"column":4},"end":{"line":87,"column":11}},"23":{"start":{"line":90,"column":0},"end":{"line":90,"column":22}}},"fnMap":{"0":{"name":"(anonymous_0)","decl":{"start":{"line":68,"column":18},"end":{"line":68,"column":25}},"loc":{"start":{"line":68,"column":39},"end":{"line":88,"column":2}}},"1":{"name":"(anonymous_1)","decl":{"start":{"line":68,"column":39},"end":{"line":68,"column":null}},"loc":{"start":{"line":68,"column":39},"end":{"line":88,"column":2}}}},"branchMap":{"0":{"loc":{"start":{"line":70,"column":4},"end":{"line":71,"column":null}},"type":"if","locations":[{"start":{"line":70,"column":4},"end":{"line":71,"column":null}}]},"1":{"loc":{"start":{"line":72,"column":8},"end":{"line":72,"column":10}},"type":"if","locations":[{"start":{"line":72,"column":8},"end":{"line":72,"column":10}}]},"2":{"loc":{"start":{"line":72,"column":8},"end":{"line":72,"column":47}},"type":"binary-expr","locations":[{"start":{"line":72,"column":8},"end":{"line":72,"column":15}},{"start":{"line":72,"column":19},"end":{"line":72,"column":47}}]},"3":{"loc":{"start":{"line":73,"column":8},"end":{"line":76,"column":null}},"type":"if","locations":[{"start":{"line":73,"column":8},"end":{"line":76,"column":null}}]}},"s":{"0":1,"1":1,"2":1,"3":1,"4":1,"5":1,"6":1,"7":1,"8":1,"9":1,"10":1,"11":1,"12":2,"13":2,"14":2,"15":0,"16":3,"17":1,"18":1,"19":1,"20":0,"21":0,"22":1,"23":1},"f":{"0":2,"1":2},"b":{"0":[0],"1":[1],"2":[2,2],"3":[1]}}
,"/home/timothe/git_epi/tek3/area/B-DEV-500-STG-5-1-area-mathieu.brujan/front/src/store/index.ts": {"path":"/home/timothe/git_epi/tek3/area/B-DEV-500-STG-5-1-area-mathieu.brujan/front/src/store/index.ts","statementMap":{"0":{"start":{"line":1,"column":0},"end":{"line":1,"column":21}},"1":{"start":{"line":2,"column":0},"end":{"line":2,"column":23}},"2":{"start":{"line":4,"column":0},"end":{"line":4,"column":null}},"3":{"start":{"line":6,"column":0},"end":{"line":22,"column":null}},"4":{"start":{"line":11,"column":28},"end":{"line":11,"column":null}},"5":{"start":{"line":15,"column":12},"end":{"line":15,"column":35}}},"fnMap":{"0":{"name":"(anonymous_0)","decl":{"start":{"line":11,"column":19},"end":{"line":11,"column":24}},"loc":{"start":{"line":11,"column":24},"end":{"line":11,"column":33}}},"1":{"name":"(anonymous_1)","decl":{"start":{"line":14,"column":8},"end":{"line":14,"column":19}},"loc":{"start":{"line":14,"column":44},"end":{"line":16,"column":9}}}},"branchMap":{},"s":{"0":1,"1":1,"2":1,"3":1,"4":1,"5":0},"f":{"0":1,"1":0},"b":{}}
}
