TN:
SF:public/assets/buefy.scss
FNF:0
FNH:0
DA:1,1
LF:1
LH:1
BRF:0
BRH:0
end_of_record
TN:
SF:src/axiosInstance.ts
FNF:0
FNH:0
DA:1,1
DA:2,1
DA:4,1
DA:16,1
LF:4
LH:4
BRDA:12,0,0,1
BRDA:12,0,1,1
BRDA:12,0,2,1
BRF:3
BRH:3
end_of_record
TN:
SF:src/components/Overview.vue
FN:1,(anonymous_2)
FNF:1
FNH:0
FNDA:0,(anonymous_2)
DA:1,3
DA:10,1
LF:2
LH:2
BRF:0
BRH:0
end_of_record
TN:
SF:src/components/SelectArea.vue
FN:1,(anonymous_11)
FNF:1
FNH:0
FNDA:0,(anonymous_11)
DA:1,3
DA:36,1
LF:2
LH:2
BRDA:1,0,0,0
BRDA:1,0,1,0
BRF:2
BRH:0
end_of_record
TN:
SF:src/components/SelectService.vue
FN:1,(anonymous_6)
FNF:1
FNH:0
FNDA:0,(anonymous_6)
DA:1,3
DA:41,1
DA:42,1
LF:3
LH:3
BRDA:1,0,0,0
BRDA:1,0,1,0
BRF:2
BRH:0
end_of_record
TN:
SF:src/lang/i18n.ts
FNF:0
FNH:0
DA:1,1
DA:2,1
DA:4,1
DA:5,1
DA:7,1
DA:9,1
LF:6
LH:6
BRF:0
BRH:0
end_of_record
TN:
SF:src/router/index.ts
FN:68,(anonymous_0)
FN:68,(anonymous_1)
FNF:2
FNH:2
FNDA:2,(anonymous_0)
FNDA:2,(anonymous_1)
DA:1,1
DA:2,1
DA:3,1
DA:4,1
DA:5,1
DA:6,1
DA:8,1
DA:9,1
DA:10,1
DA:12,1
DA:14,1
DA:68,2
DA:69,2
DA:70,2
DA:71,0
DA:72,3
DA:73,1
DA:74,1
DA:75,1
DA:78,0
DA:84,0
DA:87,1
DA:90,1
LF:23
LH:20
BRDA:70,0,0,0
BRDA:72,1,0,1
BRDA:72,2,0,2
BRDA:72,2,1,2
BRDA:73,3,0,1
BRF:5
BRH:4
end_of_record
TN:
SF:src/store/index.ts
FN:11,(anonymous_0)
FN:14,(anonymous_1)
FNF:2
FNH:1
FNDA:1,(anonymous_0)
FNDA:0,(anonymous_1)
DA:1,1
DA:2,1
DA:4,1
DA:6,1
DA:11,1
DA:15,0
LF:6
LH:5
BRF:0
BRH:0
end_of_record
TN:
SF:src/views/Area.vue
FN:1,(anonymous_10)
FNF:1
FNH:0
FNDA:0,(anonymous_10)
DA:1,3
DA:38,1
DA:39,1
DA:40,1
DA:41,1
LF:5
LH:5
BRDA:1,0,0,0
BRDA:1,0,1,0
BRF:2
BRH:0
end_of_record
TN:
SF:src/views/Home.vue
FN:1,(anonymous_13)
FNF:1
FNH:0
FNDA:0,(anonymous_13)
DA:1,3
DA:21,1
LF:2
LH:2
BRDA:1,0,0,0
BRDA:1,0,1,0
BRF:2
BRH:0
end_of_record
TN:
SF:src/views/Login.vue
FN:1,(anonymous_9)
FNF:1
FNH:0
FNDA:0,(anonymous_9)
DA:1,3
DA:23,1
LF:2
LH:2
BRDA:1,0,0,0
BRDA:1,0,1,0
BRF:2
BRH:0
end_of_record
TN:
SF:src/views/NotFound.vue
FN:1,(anonymous_1)
FNF:1
FNH:0
FNDA:0,(anonymous_1)
DA:1,3
DA:8,1
LF:2
LH:2
BRF:0
BRH:0
end_of_record
TN:
SF:src/views/Register.vue
FN:1,(anonymous_10)
FNF:1
FNH:1
FNDA:1,(anonymous_10)
DA:1,6
DA:95,1
LF:2
LH:2
BRDA:1,0,0,0
BRDA:1,0,1,6
BRF:2
BRH:1
end_of_record
