TN:
SF:public/assets/buefy.scss
FNF:0
FNH:0
DA:1,1
LF:1
LH:1
BRF:0
BRH:0
end_of_record
TN:
SF:src/axiosInstance.ts
FNF:0
FNH:0
DA:1,1
DA:2,1
DA:4,1
DA:16,1
LF:4
LH:4
BRDA:12,0,0,1
BRDA:12,0,1,1
BRDA:12,0,2,1
BRF:3
BRH:3
end_of_record
TN:
SF:src/shims-tsx.d.ts
FNF:0
FNH:0
LF:0
LH:0
BRF:0
BRH:0
end_of_record
TN:
SF:src/shims-vue.d.ts
FNF:0
FNH:0
LF:0
LH:0
BRF:0
BRH:0
end_of_record
TN:
SF:src/router/index.ts
FN:68,(anonymous_0)
FN:68,(anonymous_1)
FNF:2
FNH:2
FNDA:2,(anonymous_0)
FNDA:2,(anonymous_1)
DA:1,1
DA:2,1
DA:3,1
DA:4,1
DA:5,1
DA:6,1
DA:8,1
DA:9,1
DA:10,1
DA:12,1
DA:14,1
DA:68,2
DA:69,2
DA:70,2
DA:71,0
DA:72,3
DA:73,1
DA:74,1
DA:75,1
DA:78,0
DA:84,0
DA:87,1
DA:90,1
LF:23
LH:20
BRDA:70,0,0,0
BRDA:72,1,0,1
BRDA:72,2,0,2
BRDA:72,2,1,2
BRDA:73,3,0,1
BRF:5
BRH:4
end_of_record
TN:
SF:src/store/index.ts
FN:11,(anonymous_0)
FN:14,(anonymous_1)
FNF:2
FNH:1
FNDA:1,(anonymous_0)
FNDA:0,(anonymous_1)
DA:1,1
DA:2,1
DA:4,1
DA:6,1
DA:11,1
DA:15,0
LF:6
LH:5
BRF:0
BRH:0
end_of_record
